# JRE version: OpenJDK Runtime Environment Temurin-17.0.8.1+1 (17.0.8.1+1) (build 17.0.8.1+1)
# Java VM: OpenJDK 64-Bit Server VM Temurin-17.0.8.1+1 (17.0.8.1+1, mixed mode, emulated-client, tiered, compressed oops, compressed class ptrs, g1 gc, windows-amd64)
GC Precious Log:
 CPUs: 8 total, 8 available
 Memory: 16167M
 Large Page Support: Disabled
 NUMA Support: Disabled
 Compressed Oops: Enabled (Zero based)
 Heap Region Size: 2M
 Heap Min Capacity: 8M
 Heap Initial Capacity: 254M
 Heap Max Capacity: 4042M
 Pre-touch: Disabled
 Parallel Workers: 8
 Concurrent Workers: 2
 Concurrent Refinement Workers: 8
 Periodic GC: Disabled
Heap:
 garbage-first heap   total 131072K, used 70367K [0x0000000703600000, 0x0000000800000000)
  region size 2048K, 20 young (40960K), 1 survivors (2048K)
 Metaspace       used 61868K, committed 62464K, reserved 1114112K
  class space    used 8415K, committed 8704K, reserved 1048576K
GC Heap History (20 events):
Event: 1466555.274 GC heap before
{Heap before GC invocations=420 (full 0):
 garbage-first heap   total 131072K, used 109239K [0x0000000703600000, 0x0000000800000000)
  region size 2048K, 38 young (77824K), 1 survivors (2048K)
 Metaspace       used 61667K, committed 62400K, reserved 1114112K
  class space    used 8379K, committed 8704K, reserved 1048576K
}
Event: 1466555.306 GC heap after
{Heap after GC invocations=421 (full 0):
 garbage-first heap   total 131072K, used 33552K [0x0000000703600000, 0x0000000800000000)
  region size 2048K, 1 young (2048K), 1 survivors (2048K)
 Metaspace       used 61667K, committed 62400K, reserved 1114112K
  class space    used 8379K, committed 8704K, reserved 1048576K
}
Event: 1469584.567 GC heap before
{Heap before GC invocations=421 (full 0):
 garbage-first heap   total 131072K, used 109328K [0x0000000703600000, 0x0000000800000000)
  region size 2048K, 38 young (77824K), 1 survivors (2048K)
 Metaspace       used 61667K, committed 62400K, reserved 1114112K
  class space    used 8379K, committed 8704K, reserved 1048576K
}
Event: 1469584.589 GC heap after
{Heap after GC invocations=422 (full 0):
 garbage-first heap   total 131072K, used 33530K [0x0000000703600000, 0x0000000800000000)
  region size 2048K, 1 young (2048K), 1 survivors (2048K)
 Metaspace       used 61667K, committed 62400K, reserved 1114112K
  class space    used 8379K, committed 8704K, reserved 1048576K
}
Event: 1472616.032 GC heap before
{Heap before GC invocations=422 (full 0):
 garbage-first heap   total 131072K, used 109306K [0x0000000703600000, 0x0000000800000000)
  region size 2048K, 38 young (77824K), 1 survivors (2048K)
 Metaspace       used 61667K, committed 62400K, reserved 1114112K
  class space    used 8379K, committed 8704K, reserved 1048576K
}
Event: 1472616.096 GC heap after
{Heap after GC invocations=423 (full 0):
 garbage-first heap   total 131072K, used 33508K [0x0000000703600000, 0x0000000800000000)
  region size 2048K, 1 young (2048K), 1 survivors (2048K)
 Metaspace       used 61667K, committed 62400K, reserved 1114112K
  class space    used 8379K, committed 8704K, reserved 1048576K
}
Event: 1475648.796 GC heap before
{Heap before GC invocations=424 (full 0):
 garbage-first heap   total 131072K, used 109284K [0x0000000703600000, 0x0000000800000000)
  region size 2048K, 38 young (77824K), 1 survivors (2048K)
 Metaspace       used 61585K, committed 62400K, reserved 1114112K
  class space    used 8366K, committed 8704K, reserved 1048576K
}
Event: 1475648.832 GC heap after
{Heap after GC invocations=425 (full 0):
 garbage-first heap   total 131072K, used 33537K [0x0000000703600000, 0x0000000800000000)
  region size 2048K, 1 young (2048K), 1 survivors (2048K)
 Metaspace       used 61585K, committed 62400K, reserved 1114112K
  class space    used 8366K, committed 8704K, reserved 1048576K
}
Event: 1475811.474 GC heap before
{Heap before GC invocations=425 (full 0):
 garbage-first heap   total 131072K, used 37633K [0x0000000703600000, 0x0000000800000000)
  region size 2048K, 3 young (6144K), 1 survivors (2048K)
 Metaspace       used 61585K, committed 62400K, reserved 1114112K
  class space    used 8366K, committed 8704K, reserved 1048576K
}
Event: 1475811.512 GC heap after
{Heap after GC invocations=426 (full 0):
 garbage-first heap   total 131072K, used 33468K [0x0000000703600000, 0x0000000800000000)
  region size 2048K, 1 young (2048K), 1 survivors (2048K)
 Metaspace       used 61585K, committed 62400K, reserved 1114112K
  class space    used 8366K, committed 8704K, reserved 1048576K
}
Event: 1478848.794 GC heap before
{Heap before GC invocations=426 (full 0):
 garbage-first heap   total 131072K, used 109244K [0x0000000703600000, 0x0000000800000000)
  region size 2048K, 38 young (77824K), 1 survivors (2048K)
 Metaspace       used 61595K, committed 62400K, reserved 1114112K
  class space    used 8367K, committed 8704K, reserved 1048576K
}
Event: 1478848.813 GC heap after
{Heap after GC invocations=427 (full 0):
 garbage-first heap   total 131072K, used 33486K [0x0000000703600000, 0x0000000800000000)
  region size 2048K, 1 young (2048K), 1 survivors (2048K)
 Metaspace       used 61595K, committed 62400K, reserved 1114112K
  class space    used 8367K, committed 8704K, reserved 1048576K
}
Event: 1496019.948 GC heap before
{Heap before GC invocations=427 (full 0):
 garbage-first heap   total 131072K, used 109262K [0x0000000703600000, 0x0000000800000000)
  region size 2048K, 38 young (77824K), 1 survivors (2048K)
 Metaspace       used 61631K, committed 62400K, reserved 1114112K
  class space    used 8373K, committed 8704K, reserved 1048576K
}
Event: 1496019.981 GC heap after
{Heap after GC invocations=428 (full 0):
 garbage-first heap   total 131072K, used 33559K [0x0000000703600000, 0x0000000800000000)
  region size 2048K, 1 young (2048K), 1 survivors (2048K)
 Metaspace       used 61631K, committed 62400K, reserved 1114112K
  class space    used 8373K, committed 8704K, reserved 1048576K
}
Event: 1499053.227 GC heap before
{Heap before GC invocations=428 (full 0):
 garbage-first heap   total 131072K, used 109335K [0x0000000703600000, 0x0000000800000000)
  region size 2048K, 38 young (77824K), 1 survivors (2048K)
 Metaspace       used 61631K, committed 62400K, reserved 1114112K
  class space    used 8373K, committed 8704K, reserved 1048576K
}
Event: 1499053.301 GC heap after
{Heap after GC invocations=429 (full 0):
 garbage-first heap   total 131072K, used 33540K [0x0000000703600000, 0x0000000800000000)
  region size 2048K, 1 young (2048K), 1 survivors (2048K)
 Metaspace       used 61631K, committed 62400K, reserved 1114112K
  class space    used 8373K, committed 8704K, reserved 1048576K
}
Event: 1502086.880 GC heap before
{Heap before GC invocations=430 (full 0):
 garbage-first heap   total 131072K, used 109316K [0x0000000703600000, 0x0000000800000000)
  region size 2048K, 38 young (77824K), 1 survivors (2048K)
 Metaspace       used 61621K, committed 62400K, reserved 1114112K
  class space    used 8372K, committed 8704K, reserved 1048576K
}
Event: 1502086.916 GC heap after
{Heap after GC invocations=431 (full 0):
 garbage-first heap   total 131072K, used 33647K [0x0000000703600000, 0x0000000800000000)
  region size 2048K, 1 young (2048K), 1 survivors (2048K)
 Metaspace       used 61621K, committed 62400K, reserved 1114112K
  class space    used 8372K, committed 8704K, reserved 1048576K
}
Event: 1502248.494 GC heap before
{Heap before GC invocations=431 (full 0):
 garbage-first heap   total 131072K, used 37743K [0x0000000703600000, 0x0000000800000000)
  region size 2048K, 3 young (6144K), 1 survivors (2048K)
 Metaspace       used 61621K, committed 62400K, reserved 1114112K
  class space    used 8372K, committed 8704K, reserved 1048576K
}
Event: 1502248.524 GC heap after
{Heap after GC invocations=432 (full 0):
 garbage-first heap   total 131072K, used 33503K [0x0000000703600000, 0x0000000800000000)
  region size 2048K, 1 young (2048K), 1 survivors (2048K)
 Metaspace       used 61621K, committed 62400K, reserved 1114112K
  class space    used 8372K, committed 8704K, reserved 1048576K
}

